2025-12-18 07:54:04,928 - INFO - START export_to_gcs
2025-12-18 07:54:04,928 - INFO - Connecting to MongoDB...
2025-12-18 07:54:04,961 - INFO - Connected to MongoDB successfully
2025-12-18 07:54:04,996 - INFO - GCS authentication successful
2025-12-18 07:54:04,998 - INFO - START exporting MongoDB summary collection
2025-12-18 07:54:08,504 - INFO - Exported 100000 documents so far...
2025-12-18 07:54:11,790 - INFO - Exported 200000 documents so far...
2025-12-18 07:54:15,173 - INFO - Exported 300000 documents so far...
2025-12-18 07:54:18,729 - INFO - Exported 400000 documents so far...
2025-12-18 07:54:23,211 - INFO - Exported 500000 documents so far...
2025-12-18 07:54:27,165 - INFO - Exported 600000 documents so far...
2025-12-18 07:54:31,317 - INFO - Exported 700000 documents so far...
2025-12-18 07:54:35,285 - INFO - Exported 800000 documents so far...
2025-12-18 07:54:38,976 - INFO - Exported 900000 documents so far...
2025-12-18 07:54:42,773 - INFO - Exported 1000000 documents so far...
2025-12-18 07:54:42,852 - INFO - Submitted dataset_export/summary/summary_00000.jsonl | docs: 1000000
2025-12-18 07:54:46,467 - INFO - Exported 1100000 documents so far...
2025-12-18 07:54:50,324 - INFO - Exported 1200000 documents so far...
2025-12-18 07:54:54,226 - INFO - Exported 1300000 documents so far...
2025-12-18 07:54:58,075 - INFO - Exported 1400000 documents so far...
2025-12-18 07:55:01,866 - INFO - Exported 1500000 documents so far...
2025-12-18 07:55:05,498 - INFO - Exported 1600000 documents so far...
2025-12-18 07:55:09,091 - INFO - Exported 1700000 documents so far...
2025-12-18 07:55:12,785 - INFO - Exported 1800000 documents so far...
2025-12-18 07:55:16,784 - INFO - Exported 1900000 documents so far...
2025-12-18 07:55:20,433 - INFO - Exported 2000000 documents so far...
2025-12-18 07:55:20,519 - INFO - Submitted dataset_export/summary/summary_00001.jsonl | docs: 2000000
2025-12-18 07:55:24,154 - INFO - Exported 2100000 documents so far...
2025-12-18 07:55:27,857 - INFO - Exported 2200000 documents so far...
2025-12-18 07:55:31,625 - INFO - Exported 2300000 documents so far...
2025-12-18 07:55:35,383 - INFO - Exported 2400000 documents so far...
2025-12-18 07:55:39,236 - INFO - Exported 2500000 documents so far...
2025-12-18 07:55:43,320 - INFO - Exported 2600000 documents so far...
2025-12-18 07:55:46,904 - INFO - Exported 2700000 documents so far...
2025-12-18 07:55:51,034 - INFO - Exported 2800000 documents so far...
2025-12-18 07:55:54,801 - INFO - Exported 2900000 documents so far...
2025-12-18 07:55:58,629 - INFO - Exported 3000000 documents so far...
2025-12-18 07:55:58,701 - INFO - Submitted dataset_export/summary/summary_00002.jsonl | docs: 3000000
2025-12-18 07:56:02,604 - INFO - Exported 3100000 documents so far...
2025-12-18 07:56:06,397 - INFO - Exported 3200000 documents so far...
2025-12-18 07:56:10,074 - INFO - Exported 3300000 documents so far...
2025-12-18 07:56:14,112 - INFO - Exported 3400000 documents so far...
2025-12-18 07:56:17,956 - INFO - Exported 3500000 documents so far...
2025-12-18 07:56:21,807 - INFO - Exported 3600000 documents so far...
2025-12-18 07:56:25,687 - INFO - Exported 3700000 documents so far...
2025-12-18 07:56:29,456 - INFO - Exported 3800000 documents so far...
2025-12-18 07:56:33,499 - INFO - Exported 3900000 documents so far...
2025-12-18 07:56:37,451 - INFO - Exported 4000000 documents so far...
2025-12-18 07:56:37,588 - INFO - Submitted dataset_export/summary/summary_00003.jsonl | docs: 4000000
2025-12-18 07:56:41,441 - INFO - Exported 4100000 documents so far...
2025-12-18 07:56:45,427 - INFO - Exported 4200000 documents so far...
2025-12-18 07:56:49,456 - INFO - Exported 4300000 documents so far...
2025-12-18 07:56:53,381 - INFO - Exported 4400000 documents so far...
2025-12-18 07:56:57,467 - INFO - Exported 4500000 documents so far...
2025-12-18 07:57:01,491 - INFO - Exported 4600000 documents so far...
2025-12-18 07:57:05,438 - INFO - Exported 4700000 documents so far...
2025-12-18 07:57:09,496 - INFO - Exported 4800000 documents so far...
2025-12-18 07:57:13,723 - INFO - Exported 4900000 documents so far...
2025-12-18 07:57:17,556 - INFO - Exported 5000000 documents so far...
2025-12-18 07:57:17,653 - INFO - Submitted dataset_export/summary/summary_00004.jsonl | docs: 5000000
2025-12-18 07:57:21,737 - INFO - Exported 5100000 documents so far...
2025-12-18 07:57:25,777 - INFO - Exported 5200000 documents so far...
2025-12-18 07:57:29,773 - INFO - Exported 5300000 documents so far...
2025-12-18 07:57:33,634 - INFO - Exported 5400000 documents so far...
2025-12-18 07:57:37,608 - INFO - Exported 5500000 documents so far...
2025-12-18 07:57:41,939 - INFO - Exported 5600000 documents so far...
2025-12-18 07:57:45,861 - INFO - Exported 5700000 documents so far...
2025-12-18 07:57:50,002 - INFO - Exported 5800000 documents so far...
2025-12-18 07:57:54,756 - INFO - Exported 5900000 documents so far...
2025-12-18 07:57:59,126 - INFO - Exported 6000000 documents so far...
2025-12-18 07:57:59,207 - INFO - Submitted dataset_export/summary/summary_00005.jsonl | docs: 6000000
2025-12-18 07:58:04,062 - INFO - Exported 6100000 documents so far...
2025-12-18 07:58:08,296 - INFO - Exported 6200000 documents so far...
2025-12-18 07:58:12,449 - INFO - Exported 6300000 documents so far...
2025-12-18 07:58:16,331 - INFO - Exported 6400000 documents so far...
2025-12-18 07:58:20,417 - INFO - Exported 6500000 documents so far...
2025-12-18 07:58:24,383 - INFO - Exported 6600000 documents so far...
2025-12-18 07:58:28,599 - INFO - Exported 6700000 documents so far...
2025-12-18 07:58:32,426 - INFO - Exported 6800000 documents so far...
2025-12-18 07:58:36,127 - INFO - Exported 6900000 documents so far...
2025-12-18 07:58:39,820 - INFO - Exported 7000000 documents so far...
2025-12-18 07:58:39,911 - INFO - Submitted dataset_export/summary/summary_00006.jsonl | docs: 7000000
2025-12-18 07:58:43,698 - INFO - Exported 7100000 documents so far...
2025-12-18 07:58:47,821 - INFO - Exported 7200000 documents so far...
2025-12-18 07:58:51,904 - INFO - Exported 7300000 documents so far...
2025-12-18 07:58:55,933 - INFO - Exported 7400000 documents so far...
2025-12-18 07:59:00,056 - INFO - Exported 7500000 documents so far...
2025-12-18 07:59:04,113 - INFO - Exported 7600000 documents so far...
2025-12-18 07:59:08,167 - INFO - Exported 7700000 documents so far...
2025-12-18 07:59:12,324 - INFO - Exported 7800000 documents so far...
2025-12-18 07:59:16,399 - INFO - Exported 7900000 documents so far...
2025-12-18 07:59:20,450 - INFO - Exported 8000000 documents so far...
2025-12-18 07:59:20,530 - INFO - Submitted dataset_export/summary/summary_00007.jsonl | docs: 8000000
2025-12-18 07:59:25,224 - INFO - Exported 8100000 documents so far...
2025-12-18 07:59:29,141 - INFO - Exported 8200000 documents so far...
2025-12-18 07:59:33,146 - INFO - Exported 8300000 documents so far...
2025-12-18 07:59:37,235 - INFO - Exported 8400000 documents so far...
2025-12-18 07:59:41,389 - INFO - Exported 8500000 documents so far...
2025-12-18 07:59:45,361 - INFO - Exported 8600000 documents so far...
2025-12-18 07:59:49,365 - INFO - Exported 8700000 documents so far...
2025-12-18 07:59:53,470 - INFO - Exported 8800000 documents so far...
2025-12-18 07:59:57,653 - INFO - Exported 8900000 documents so far...
2025-12-18 08:00:01,680 - INFO - Exported 9000000 documents so far...
2025-12-18 08:00:01,812 - INFO - Submitted dataset_export/summary/summary_00008.jsonl | docs: 9000000
2025-12-18 08:00:05,975 - INFO - Exported 9100000 documents so far...
2025-12-18 08:00:09,981 - INFO - Exported 9200000 documents so far...
2025-12-18 08:00:14,160 - INFO - Exported 9300000 documents so far...
2025-12-18 08:00:18,427 - INFO - Exported 9400000 documents so far...
2025-12-18 08:00:22,626 - INFO - Exported 9500000 documents so far...
2025-12-18 08:00:26,428 - INFO - Exported 9600000 documents so far...
2025-12-18 08:00:30,535 - INFO - Exported 9700000 documents so far...
2025-12-18 08:00:34,387 - INFO - Exported 9800000 documents so far...
2025-12-18 08:00:38,339 - INFO - Exported 9900000 documents so far...
2025-12-18 08:00:42,376 - INFO - Exported 10000000 documents so far...
2025-12-18 08:00:42,440 - INFO - Submitted dataset_export/summary/summary_00009.jsonl | docs: 10000000
2025-12-18 08:00:46,699 - INFO - Exported 10100000 documents so far...
2025-12-18 08:00:50,863 - INFO - Exported 10200000 documents so far...
2025-12-18 08:00:54,808 - INFO - Exported 10300000 documents so far...
2025-12-18 08:00:58,864 - INFO - Exported 10400000 documents so far...
2025-12-18 08:01:02,815 - INFO - Exported 10500000 documents so far...
2025-12-18 08:01:07,131 - INFO - Exported 10600000 documents so far...
2025-12-18 08:01:11,751 - INFO - Exported 10700000 documents so far...
2025-12-18 08:01:15,759 - INFO - Exported 10800000 documents so far...
2025-12-18 08:01:19,731 - INFO - Exported 10900000 documents so far...
2025-12-18 08:01:23,817 - INFO - Exported 11000000 documents so far...
2025-12-18 08:01:23,982 - INFO - Submitted dataset_export/summary/summary_00010.jsonl | docs: 11000000
2025-12-18 08:01:27,855 - INFO - Exported 11100000 documents so far...
2025-12-18 08:01:31,934 - INFO - Exported 11200000 documents so far...
2025-12-18 08:01:36,057 - INFO - Exported 11300000 documents so far...
2025-12-18 08:01:40,162 - INFO - Exported 11400000 documents so far...
2025-12-18 08:01:44,222 - INFO - Exported 11500000 documents so far...
2025-12-18 08:01:48,667 - INFO - Exported 11600000 documents so far...
2025-12-18 08:01:52,818 - INFO - Exported 11700000 documents so far...
2025-12-18 08:01:56,837 - INFO - Exported 11800000 documents so far...
2025-12-18 08:02:00,911 - INFO - Exported 11900000 documents so far...
2025-12-18 08:02:04,888 - INFO - Exported 12000000 documents so far...
2025-12-18 08:02:05,008 - INFO - Submitted dataset_export/summary/summary_00011.jsonl | docs: 12000000
2025-12-18 08:02:09,210 - INFO - Exported 12100000 documents so far...
2025-12-18 08:02:13,247 - INFO - Exported 12200000 documents so far...
2025-12-18 08:02:17,558 - INFO - Exported 12300000 documents so far...
2025-12-18 08:02:21,676 - INFO - Exported 12400000 documents so far...
2025-12-18 08:02:26,265 - INFO - Exported 12500000 documents so far...
2025-12-18 08:02:31,008 - INFO - Exported 12600000 documents so far...
2025-12-18 08:02:35,051 - INFO - Exported 12700000 documents so far...
2025-12-18 08:02:39,149 - INFO - Exported 12800000 documents so far...
2025-12-18 08:02:43,303 - INFO - Exported 12900000 documents so far...
2025-12-18 08:02:47,359 - INFO - Exported 13000000 documents so far...
2025-12-18 08:02:47,479 - INFO - Submitted dataset_export/summary/summary_00012.jsonl | docs: 13000000
2025-12-18 08:02:51,864 - INFO - Exported 13100000 documents so far...
2025-12-18 08:02:55,832 - INFO - Exported 13200000 documents so far...
2025-12-18 08:02:59,850 - INFO - Exported 13300000 documents so far...
2025-12-18 08:03:03,711 - INFO - Exported 13400000 documents so far...
2025-12-18 08:03:07,599 - INFO - Exported 13500000 documents so far...
2025-12-18 08:03:11,697 - INFO - Exported 13600000 documents so far...
2025-12-18 08:03:15,939 - INFO - Exported 13700000 documents so far...
2025-12-18 08:03:20,136 - INFO - Exported 13800000 documents so far...
2025-12-18 08:03:24,327 - INFO - Exported 13900000 documents so far...
2025-12-18 08:03:28,513 - INFO - Exported 14000000 documents so far...
2025-12-18 08:03:28,599 - INFO - Submitted dataset_export/summary/summary_00013.jsonl | docs: 14000000
2025-12-18 08:03:32,492 - INFO - Exported 14100000 documents so far...
2025-12-18 08:03:36,374 - INFO - Exported 14200000 documents so far...
2025-12-18 08:03:40,647 - INFO - Exported 14300000 documents so far...
2025-12-18 08:03:44,697 - INFO - Exported 14400000 documents so far...
2025-12-18 08:03:48,793 - INFO - Exported 14500000 documents so far...
2025-12-18 08:03:53,012 - INFO - Exported 14600000 documents so far...
2025-12-18 08:03:57,263 - INFO - Exported 14700000 documents so far...
2025-12-18 08:04:01,440 - INFO - Exported 14800000 documents so far...
2025-12-18 08:04:05,237 - INFO - Exported 14900000 documents so far...
2025-12-18 08:04:09,744 - INFO - Exported 15000000 documents so far...
2025-12-18 08:04:09,835 - INFO - Submitted dataset_export/summary/summary_00014.jsonl | docs: 15000000
2025-12-18 08:04:13,978 - INFO - Exported 15100000 documents so far...
2025-12-18 08:04:18,381 - INFO - Exported 15200000 documents so far...
2025-12-18 08:04:22,643 - INFO - Exported 15300000 documents so far...
2025-12-18 08:04:26,454 - INFO - Exported 15400000 documents so far...
2025-12-18 08:04:30,628 - INFO - Exported 15500000 documents so far...
2025-12-18 08:04:34,577 - INFO - Exported 15600000 documents so far...
2025-12-18 08:04:38,917 - INFO - Exported 15700000 documents so far...
2025-12-18 08:04:43,333 - INFO - Exported 15800000 documents so far...
2025-12-18 08:04:47,699 - INFO - Exported 15900000 documents so far...
2025-12-18 08:04:51,908 - INFO - Exported 16000000 documents so far...
2025-12-18 08:04:51,974 - INFO - Submitted dataset_export/summary/summary_00015.jsonl | docs: 16000000
2025-12-18 08:04:55,884 - INFO - Exported 16100000 documents so far...
2025-12-18 08:04:59,904 - INFO - Exported 16200000 documents so far...
2025-12-18 08:05:03,930 - INFO - Exported 16300000 documents so far...
2025-12-18 08:05:08,006 - INFO - Exported 16400000 documents so far...
2025-12-18 08:05:12,152 - INFO - Exported 16500000 documents so far...
2025-12-18 08:05:16,301 - INFO - Exported 16600000 documents so far...
2025-12-18 08:05:20,192 - INFO - Exported 16700000 documents so far...
2025-12-18 08:05:24,325 - INFO - Exported 16800000 documents so far...
2025-12-18 08:05:28,321 - INFO - Exported 16900000 documents so far...
2025-12-18 08:05:32,172 - INFO - Exported 17000000 documents so far...
2025-12-18 08:05:32,292 - INFO - Submitted dataset_export/summary/summary_00016.jsonl | docs: 17000000
2025-12-18 08:05:36,219 - INFO - Exported 17100000 documents so far...
2025-12-18 08:05:40,057 - INFO - Exported 17200000 documents so far...
2025-12-18 08:05:44,039 - INFO - Exported 17300000 documents so far...
2025-12-18 08:05:48,971 - INFO - Exported 17400000 documents so far...
2025-12-18 08:05:53,090 - INFO - Exported 17500000 documents so far...
2025-12-18 08:05:57,059 - INFO - Exported 17600000 documents so far...
2025-12-18 08:06:01,030 - INFO - Exported 17700000 documents so far...
2025-12-18 08:06:05,320 - INFO - Exported 17800000 documents so far...
2025-12-18 08:06:09,461 - INFO - Exported 17900000 documents so far...
2025-12-18 08:06:14,143 - INFO - Exported 18000000 documents so far...
2025-12-18 08:06:14,246 - INFO - Submitted dataset_export/summary/summary_00017.jsonl | docs: 18000000
2025-12-18 08:06:18,398 - INFO - Exported 18100000 documents so far...
2025-12-18 08:06:22,309 - INFO - Exported 18200000 documents so far...
2025-12-18 08:06:26,512 - INFO - Exported 18300000 documents so far...
2025-12-18 08:06:30,481 - INFO - Exported 18400000 documents so far...
2025-12-18 08:06:34,519 - INFO - Exported 18500000 documents so far...
2025-12-18 08:06:38,872 - INFO - Exported 18600000 documents so far...
2025-12-18 08:06:43,131 - INFO - Exported 18700000 documents so far...
2025-12-18 08:06:47,474 - INFO - Exported 18800000 documents so far...
2025-12-18 08:06:51,633 - INFO - Exported 18900000 documents so far...
2025-12-18 08:06:55,747 - INFO - Exported 19000000 documents so far...
2025-12-18 08:06:55,833 - INFO - Submitted dataset_export/summary/summary_00018.jsonl | docs: 19000000
2025-12-18 08:06:59,718 - INFO - Exported 19100000 documents so far...
2025-12-18 08:07:03,636 - INFO - Exported 19200000 documents so far...
2025-12-18 08:07:07,747 - INFO - Exported 19300000 documents so far...
2025-12-18 08:07:11,907 - INFO - Exported 19400000 documents so far...
2025-12-18 08:07:16,153 - INFO - Exported 19500000 documents so far...
2025-12-18 08:07:20,574 - INFO - Exported 19600000 documents so far...
2025-12-18 08:07:24,643 - INFO - Exported 19700000 documents so far...
2025-12-18 08:07:28,782 - INFO - Exported 19800000 documents so far...
2025-12-18 08:07:32,920 - INFO - Exported 19900000 documents so far...
2025-12-18 08:07:37,104 - INFO - Exported 20000000 documents so far...
2025-12-18 08:07:37,172 - INFO - Submitted dataset_export/summary/summary_00019.jsonl | docs: 20000000
2025-12-18 08:07:41,150 - INFO - Exported 20100000 documents so far...
2025-12-18 08:07:45,168 - INFO - Exported 20200000 documents so far...
2025-12-18 08:07:49,221 - INFO - Exported 20300000 documents so far...
2025-12-18 08:07:53,588 - INFO - Exported 20400000 documents so far...
2025-12-18 08:07:58,281 - INFO - Exported 20500000 documents so far...
2025-12-18 08:08:02,573 - INFO - Exported 20600000 documents so far...
2025-12-18 08:08:06,882 - INFO - Exported 20700000 documents so far...
2025-12-18 08:08:11,230 - INFO - Exported 20800000 documents so far...
2025-12-18 08:08:15,789 - INFO - Exported 20900000 documents so far...
2025-12-18 08:08:19,962 - INFO - Exported 21000000 documents so far...
2025-12-18 08:08:20,034 - INFO - Submitted dataset_export/summary/summary_00020.jsonl | docs: 21000000
2025-12-18 08:08:24,011 - INFO - Exported 21100000 documents so far...
2025-12-18 08:08:28,161 - INFO - Exported 21200000 documents so far...
2025-12-18 08:08:32,805 - INFO - Exported 21300000 documents so far...
2025-12-18 08:08:37,283 - INFO - Exported 21400000 documents so far...
2025-12-18 08:08:41,610 - INFO - Exported 21500000 documents so far...
2025-12-18 08:08:45,711 - INFO - Exported 21600000 documents so far...
2025-12-18 08:08:49,754 - INFO - Exported 21700000 documents so far...
2025-12-18 08:08:53,761 - INFO - Exported 21800000 documents so far...
2025-12-18 08:08:57,717 - INFO - Exported 21900000 documents so far...
2025-12-18 08:09:01,573 - INFO - Exported 22000000 documents so far...
2025-12-18 08:09:01,634 - INFO - Submitted dataset_export/summary/summary_00021.jsonl | docs: 22000000
2025-12-18 08:09:05,673 - INFO - Exported 22100000 documents so far...
2025-12-18 08:09:09,769 - INFO - Exported 22200000 documents so far...
2025-12-18 08:09:13,775 - INFO - Exported 22300000 documents so far...
2025-12-18 08:09:17,866 - INFO - Exported 22400000 documents so far...
2025-12-18 08:09:21,836 - INFO - Exported 22500000 documents so far...
2025-12-18 08:09:25,980 - INFO - Exported 22600000 documents so far...
2025-12-18 08:09:29,995 - INFO - Exported 22700000 documents so far...
2025-12-18 08:09:34,060 - INFO - Exported 22800000 documents so far...
2025-12-18 08:09:38,245 - INFO - Exported 22900000 documents so far...
2025-12-18 08:09:42,727 - INFO - Exported 23000000 documents so far...
2025-12-18 08:09:42,899 - INFO - Submitted dataset_export/summary/summary_00022.jsonl | docs: 23000000
2025-12-18 08:09:46,763 - INFO - Exported 23100000 documents so far...
2025-12-18 08:09:50,866 - INFO - Exported 23200000 documents so far...
2025-12-18 08:09:55,198 - INFO - Exported 23300000 documents so far...
2025-12-18 08:09:59,486 - INFO - Exported 23400000 documents so far...
2025-12-18 08:10:03,656 - INFO - Exported 23500000 documents so far...
2025-12-18 08:10:07,949 - INFO - Exported 23600000 documents so far...
2025-12-18 08:10:12,235 - INFO - Exported 23700000 documents so far...
2025-12-18 08:10:16,445 - INFO - Exported 23800000 documents so far...
2025-12-18 08:10:20,961 - INFO - Exported 23900000 documents so far...
2025-12-18 08:10:24,937 - INFO - Exported 24000000 documents so far...
2025-12-18 08:10:25,116 - INFO - Submitted dataset_export/summary/summary_00023.jsonl | docs: 24000000
2025-12-18 08:10:29,540 - INFO - Exported 24100000 documents so far...
2025-12-18 08:10:33,793 - INFO - Exported 24200000 documents so far...
2025-12-18 08:10:38,199 - INFO - Exported 24300000 documents so far...
2025-12-18 08:10:42,522 - INFO - Exported 24400000 documents so far...
2025-12-18 08:10:46,611 - INFO - Exported 24500000 documents so far...
2025-12-18 08:10:51,365 - INFO - Exported 24600000 documents so far...
2025-12-18 08:10:55,652 - INFO - Exported 24700000 documents so far...
2025-12-18 08:11:00,397 - INFO - Exported 24800000 documents so far...
2025-12-18 08:11:04,600 - INFO - Exported 24900000 documents so far...
2025-12-18 08:11:08,642 - INFO - Exported 25000000 documents so far...
2025-12-18 08:11:08,847 - INFO - Submitted dataset_export/summary/summary_00024.jsonl | docs: 25000000
2025-12-18 08:11:13,158 - INFO - Exported 25100000 documents so far...
2025-12-18 08:11:17,530 - INFO - Exported 25200000 documents so far...
2025-12-18 08:11:21,637 - INFO - Exported 25300000 documents so far...
2025-12-18 08:11:25,885 - INFO - Exported 25400000 documents so far...
2025-12-18 08:11:29,871 - INFO - Exported 25500000 documents so far...
2025-12-18 08:11:33,905 - INFO - Exported 25600000 documents so far...
2025-12-18 08:11:37,788 - INFO - Exported 25700000 documents so far...
2025-12-18 08:11:41,924 - INFO - Exported 25800000 documents so far...
2025-12-18 08:11:46,084 - INFO - Exported 25900000 documents so far...
2025-12-18 08:11:50,505 - INFO - Exported 26000000 documents so far...
2025-12-18 08:11:50,600 - INFO - Submitted dataset_export/summary/summary_00025.jsonl | docs: 26000000
2025-12-18 08:11:54,713 - INFO - Exported 26100000 documents so far...
2025-12-18 08:11:59,274 - INFO - Exported 26200000 documents so far...
2025-12-18 08:12:03,801 - INFO - Exported 26300000 documents so far...
2025-12-18 08:12:08,060 - INFO - Exported 26400000 documents so far...
2025-12-18 08:12:12,302 - INFO - Exported 26500000 documents so far...
2025-12-18 08:12:16,336 - INFO - Exported 26600000 documents so far...
2025-12-18 08:12:20,310 - INFO - Exported 26700000 documents so far...
2025-12-18 08:12:24,577 - INFO - Exported 26800000 documents so far...
2025-12-18 08:12:29,360 - INFO - Exported 26900000 documents so far...
2025-12-18 08:12:33,339 - INFO - Exported 27000000 documents so far...
2025-12-18 08:12:33,585 - INFO - Submitted dataset_export/summary/summary_00026.jsonl | docs: 27000000
2025-12-18 08:12:37,883 - INFO - Exported 27100000 documents so far...
2025-12-18 08:12:42,696 - INFO - Exported 27200000 documents so far...
2025-12-18 08:12:47,434 - INFO - Exported 27300000 documents so far...
2025-12-18 08:12:52,924 - INFO - Exported 27400000 documents so far...
2025-12-18 08:12:58,277 - INFO - Exported 27500000 documents so far...
2025-12-18 08:13:02,671 - INFO - Exported 27600000 documents so far...
2025-12-18 08:13:06,817 - INFO - Exported 27700000 documents so far...
2025-12-18 08:13:11,004 - INFO - Exported 27800000 documents so far...
2025-12-18 08:13:15,194 - INFO - Exported 27900000 documents so far...
2025-12-18 08:13:19,894 - INFO - Exported 28000000 documents so far...
2025-12-18 08:13:19,987 - INFO - Submitted dataset_export/summary/summary_00027.jsonl | docs: 28000000
2025-12-18 08:13:24,316 - INFO - Exported 28100000 documents so far...
2025-12-18 08:13:28,645 - INFO - Exported 28200000 documents so far...
2025-12-18 08:13:32,726 - INFO - Exported 28300000 documents so far...
2025-12-18 08:13:36,851 - INFO - Exported 28400000 documents so far...
2025-12-18 08:13:41,286 - INFO - Exported 28500000 documents so far...
2025-12-18 08:13:45,984 - INFO - Exported 28600000 documents so far...
2025-12-18 08:13:50,324 - INFO - Exported 28700000 documents so far...
2025-12-18 08:13:54,581 - INFO - Exported 28800000 documents so far...
2025-12-18 08:13:59,424 - INFO - Exported 28900000 documents so far...
2025-12-18 08:14:03,513 - INFO - Exported 29000000 documents so far...
2025-12-18 08:14:03,604 - INFO - Submitted dataset_export/summary/summary_00028.jsonl | docs: 29000000
2025-12-18 08:14:07,607 - INFO - Exported 29100000 documents so far...
2025-12-18 08:14:11,930 - INFO - Exported 29200000 documents so far...
2025-12-18 08:14:16,401 - INFO - Exported 29300000 documents so far...
2025-12-18 08:14:20,824 - INFO - Exported 29400000 documents so far...
2025-12-18 08:14:25,010 - INFO - Exported 29500000 documents so far...
2025-12-18 08:14:29,407 - INFO - Exported 29600000 documents so far...
2025-12-18 08:14:33,736 - INFO - Exported 29700000 documents so far...
2025-12-18 08:14:37,965 - INFO - Exported 29800000 documents so far...
2025-12-18 08:14:42,036 - INFO - Exported 29900000 documents so far...
2025-12-18 08:14:46,731 - INFO - Exported 30000000 documents so far...
2025-12-18 08:14:46,823 - INFO - Submitted dataset_export/summary/summary_00029.jsonl | docs: 30000000
2025-12-18 08:14:51,200 - INFO - Exported 30100000 documents so far...
2025-12-18 08:14:55,384 - INFO - Exported 30200000 documents so far...
2025-12-18 08:14:59,777 - INFO - Exported 30300000 documents so far...
2025-12-18 08:15:03,886 - INFO - Exported 30400000 documents so far...
2025-12-18 08:15:08,061 - INFO - Exported 30500000 documents so far...
2025-12-18 08:15:12,393 - INFO - Exported 30600000 documents so far...
2025-12-18 08:15:16,839 - INFO - Exported 30700000 documents so far...
2025-12-18 08:15:21,142 - INFO - Exported 30800000 documents so far...
2025-12-18 08:15:25,222 - INFO - Exported 30900000 documents so far...
2025-12-18 08:15:29,330 - INFO - Exported 31000000 documents so far...
2025-12-18 08:15:29,413 - INFO - Submitted dataset_export/summary/summary_00030.jsonl | docs: 31000000
2025-12-18 08:15:33,369 - INFO - Exported 31100000 documents so far...
2025-12-18 08:15:37,595 - INFO - Exported 31200000 documents so far...
2025-12-18 08:15:41,745 - INFO - Exported 31300000 documents so far...
2025-12-18 08:15:45,901 - INFO - Exported 31400000 documents so far...
2025-12-18 08:15:49,958 - INFO - Exported 31500000 documents so far...
2025-12-18 08:15:54,066 - INFO - Exported 31600000 documents so far...
2025-12-18 08:15:58,404 - INFO - Exported 31700000 documents so far...
2025-12-18 08:16:02,602 - INFO - Exported 31800000 documents so far...
2025-12-18 08:16:07,100 - INFO - Exported 31900000 documents so far...
2025-12-18 08:16:11,577 - INFO - Exported 32000000 documents so far...
2025-12-18 08:16:11,712 - INFO - Submitted dataset_export/summary/summary_00031.jsonl | docs: 32000000
2025-12-18 08:16:16,495 - INFO - Exported 32100000 documents so far...
2025-12-18 08:16:20,900 - INFO - Exported 32200000 documents so far...
2025-12-18 08:16:25,219 - INFO - Exported 32300000 documents so far...
2025-12-18 08:16:29,279 - INFO - Exported 32400000 documents so far...
2025-12-18 08:16:33,364 - INFO - Exported 32500000 documents so far...
2025-12-18 08:16:37,993 - INFO - Exported 32600000 documents so far...
2025-12-18 08:16:42,467 - INFO - Exported 32700000 documents so far...
2025-12-18 08:16:46,661 - INFO - Exported 32800000 documents so far...
2025-12-18 08:16:50,864 - INFO - Exported 32900000 documents so far...
2025-12-18 08:16:55,471 - INFO - Exported 33000000 documents so far...
2025-12-18 08:16:55,570 - INFO - Submitted dataset_export/summary/summary_00032.jsonl | docs: 33000000
2025-12-18 08:16:59,516 - INFO - Exported 33100000 documents so far...
2025-12-18 08:17:03,772 - INFO - Exported 33200000 documents so far...
2025-12-18 08:17:08,381 - INFO - Exported 33300000 documents so far...
2025-12-18 08:17:12,951 - INFO - Exported 33400000 documents so far...
2025-12-18 08:17:17,495 - INFO - Exported 33500000 documents so far...
2025-12-18 08:17:21,664 - INFO - Exported 33600000 documents so far...
2025-12-18 08:17:26,429 - INFO - Exported 33700000 documents so far...
2025-12-18 08:17:30,928 - INFO - Exported 33800000 documents so far...
2025-12-18 08:17:34,952 - INFO - Exported 33900000 documents so far...
2025-12-18 08:17:39,170 - INFO - Exported 34000000 documents so far...
2025-12-18 08:17:39,252 - INFO - Submitted dataset_export/summary/summary_00033.jsonl | docs: 34000000
2025-12-18 08:17:43,373 - INFO - Exported 34100000 documents so far...
2025-12-18 08:17:47,697 - INFO - Exported 34200000 documents so far...
2025-12-18 08:17:51,792 - INFO - Exported 34300000 documents so far...
2025-12-18 08:17:55,964 - INFO - Exported 34400000 documents so far...
2025-12-18 08:18:00,051 - INFO - Exported 34500000 documents so far...
2025-12-18 08:18:04,051 - INFO - Exported 34600000 documents so far...
2025-12-18 08:18:08,011 - INFO - Exported 34700000 documents so far...
2025-12-18 08:18:12,211 - INFO - Exported 34800000 documents so far...
2025-12-18 08:18:16,257 - INFO - Exported 34900000 documents so far...
2025-12-18 08:18:20,788 - INFO - Exported 35000000 documents so far...
2025-12-18 08:18:20,868 - INFO - Submitted dataset_export/summary/summary_00034.jsonl | docs: 35000000
2025-12-18 08:18:24,929 - INFO - Exported 35100000 documents so far...
2025-12-18 08:18:29,403 - INFO - Exported 35200000 documents so far...
2025-12-18 08:18:34,067 - INFO - Exported 35300000 documents so far...
2025-12-18 08:18:38,075 - INFO - Exported 35400000 documents so far...
2025-12-18 08:18:42,333 - INFO - Exported 35500000 documents so far...
2025-12-18 08:18:46,996 - INFO - Exported 35600000 documents so far...
2025-12-18 08:18:51,616 - INFO - Exported 35700000 documents so far...
2025-12-18 08:18:56,091 - INFO - Exported 35800000 documents so far...
2025-12-18 08:19:00,399 - INFO - Exported 35900000 documents so far...
2025-12-18 08:19:04,749 - INFO - Exported 36000000 documents so far...
2025-12-18 08:19:04,843 - INFO - Submitted dataset_export/summary/summary_00035.jsonl | docs: 36000000
2025-12-18 08:19:09,511 - INFO - Exported 36100000 documents so far...
2025-12-18 08:19:13,918 - INFO - Exported 36200000 documents so far...
2025-12-18 08:19:18,278 - INFO - Exported 36300000 documents so far...
2025-12-18 08:19:22,608 - INFO - Exported 36400000 documents so far...
2025-12-18 08:19:26,921 - INFO - Exported 36500000 documents so far...
2025-12-18 08:19:31,059 - INFO - Exported 36600000 documents so far...
2025-12-18 08:19:35,392 - INFO - Exported 36700000 documents so far...
2025-12-18 08:19:39,715 - INFO - Exported 36800000 documents so far...
2025-12-18 08:19:43,873 - INFO - Exported 36900000 documents so far...
2025-12-18 08:19:48,177 - INFO - Exported 37000000 documents so far...
2025-12-18 08:19:48,254 - INFO - Submitted dataset_export/summary/summary_00036.jsonl | docs: 37000000
2025-12-18 08:19:52,747 - INFO - Exported 37100000 documents so far...
2025-12-18 08:19:57,205 - INFO - Exported 37200000 documents so far...
2025-12-18 08:20:01,471 - INFO - Exported 37300000 documents so far...
2025-12-18 08:20:05,594 - INFO - Exported 37400000 documents so far...
2025-12-18 08:20:10,142 - INFO - Exported 37500000 documents so far...
2025-12-18 08:20:14,426 - INFO - Exported 37600000 documents so far...
2025-12-18 08:20:19,135 - INFO - Exported 37700000 documents so far...
2025-12-18 08:20:24,003 - INFO - Exported 37800000 documents so far...
2025-12-18 08:20:30,126 - INFO - Exported 37900000 documents so far...
2025-12-18 08:20:35,199 - INFO - Exported 38000000 documents so far...
2025-12-18 08:20:35,276 - INFO - Submitted dataset_export/summary/summary_00037.jsonl | docs: 38000000
2025-12-18 08:20:40,028 - INFO - Exported 38100000 documents so far...
2025-12-18 08:20:44,710 - INFO - Exported 38200000 documents so far...
2025-12-18 08:20:50,177 - INFO - Exported 38300000 documents so far...
2025-12-18 08:20:55,134 - INFO - Exported 38400000 documents so far...
2025-12-18 08:21:00,104 - INFO - Exported 38500000 documents so far...
2025-12-18 08:21:05,116 - INFO - Exported 38600000 documents so far...
2025-12-18 08:21:10,119 - INFO - Exported 38700000 documents so far...
2025-12-18 08:21:15,073 - INFO - Exported 38800000 documents so far...
2025-12-18 08:21:21,086 - INFO - Exported 38900000 documents so far...
2025-12-18 08:21:25,437 - INFO - Exported 39000000 documents so far...
2025-12-18 08:21:25,560 - INFO - Submitted dataset_export/summary/summary_00038.jsonl | docs: 39000000
2025-12-18 08:21:29,703 - INFO - Exported 39100000 documents so far...
2025-12-18 08:21:34,296 - INFO - Exported 39200000 documents so far...
2025-12-18 08:21:38,784 - INFO - Exported 39300000 documents so far...
2025-12-18 08:21:43,110 - INFO - Exported 39400000 documents so far...
2025-12-18 08:21:48,305 - INFO - Exported 39500000 documents so far...
2025-12-18 08:21:52,604 - INFO - Exported 39600000 documents so far...
2025-12-18 08:21:56,902 - INFO - Exported 39700000 documents so far...
2025-12-18 08:22:01,154 - INFO - Exported 39800000 documents so far...
2025-12-18 08:22:05,915 - INFO - Exported 39900000 documents so far...
2025-12-18 08:22:10,358 - INFO - Exported 40000000 documents so far...
2025-12-18 08:22:10,530 - INFO - Submitted dataset_export/summary/summary_00039.jsonl | docs: 40000000
2025-12-18 08:22:14,975 - INFO - Exported 40100000 documents so far...
2025-12-18 08:22:19,727 - INFO - Exported 40200000 documents so far...
2025-12-18 08:22:24,046 - INFO - Exported 40300000 documents so far...
2025-12-18 08:22:28,373 - INFO - Exported 40400000 documents so far...
2025-12-18 08:22:33,098 - INFO - Exported 40500000 documents so far...
2025-12-18 08:22:37,239 - INFO - Exported 40600000 documents so far...
2025-12-18 08:22:41,340 - INFO - Exported 40700000 documents so far...
2025-12-18 08:22:45,481 - INFO - Exported 40800000 documents so far...
2025-12-18 08:22:49,727 - INFO - Exported 40900000 documents so far...
2025-12-18 08:22:54,006 - INFO - Exported 41000000 documents so far...
2025-12-18 08:22:54,066 - INFO - Submitted dataset_export/summary/summary_00040.jsonl | docs: 41000000
2025-12-18 08:22:58,201 - INFO - Exported 41100000 documents so far...
2025-12-18 08:23:02,591 - INFO - Exported 41200000 documents so far...
2025-12-18 08:23:07,134 - INFO - Exported 41300000 documents so far...
2025-12-18 08:23:11,448 - INFO - Exported 41400000 documents so far...
2025-12-18 08:23:12,693 - INFO - Submitted FINAL dataset_export/summary/summary_00041.jsonl | docs: 41432473
2025-12-18 09:22:32,060 - INFO - MongoDB export complete. Total docs: 41432473
2025-12-18 09:24:16,531 - INFO - START export_to_gcs
2025-12-18 09:24:16,531 - INFO - Connecting to MongoDB...
2025-12-18 09:24:16,535 - INFO - Connected to MongoDB successfully
2025-12-18 09:24:16,535 - INFO - Loading GCS credentials...
2025-12-18 09:24:16,570 - INFO - GCS authentication successful
2025-12-18 09:24:16,570 - INFO - Processing file: D:\python try hard\unigap\project6\data\csv\ip_location_results.csv
2025-12-18 09:24:16,570 - INFO - Converting D:\python try hard\unigap\project6\data\csv\ip_location_results.csv to D:\python try hard\unigap\project6\data\tmp\ip_location_results.jsonl
2025-12-18 09:24:29,670 - INFO - CSV \u2192 JSONL complete. Rows: 3239628
2025-12-18 09:24:29,671 - INFO - Uploading to gs://twan_glamira/dataset_export/ip_location_results.jsonl
2025-12-18 09:25:00,400 - INFO - Upload successful: dataset_export/ip_location_results.jsonl
2025-12-18 09:25:00,400 - INFO - Processing file: D:\python try hard\unigap\project6\data\csv\product_ids_to_crawl.csv
2025-12-18 09:25:00,400 - INFO - Converting D:\python try hard\unigap\project6\data\csv\product_ids_to_crawl.csv to D:\python try hard\unigap\project6\data\tmp\product_ids_to_crawl.jsonl
2025-12-18 09:25:00,501 - INFO - CSV \u2192 JSONL complete. Rows: 19417
2025-12-18 09:25:00,501 - INFO - Uploading to gs://twan_glamira/dataset_export/product_ids_to_crawl.jsonl
2025-12-18 09:25:02,569 - INFO - Upload successful: dataset_export/product_ids_to_crawl.jsonl
2025-12-18 09:25:02,569 - INFO - Processing file: D:\python try hard\unigap\project6\data\csv\valid_product_ids.csv
2025-12-18 09:25:02,569 - INFO - Converting D:\python try hard\unigap\project6\data\csv\valid_product_ids.csv to D:\python try hard\unigap\project6\data\tmp\valid_product_ids.jsonl
2025-12-18 09:25:02,607 - INFO - CSV \u2192 JSONL complete. Rows: 14445
2025-12-18 09:25:02,607 - INFO - Uploading to gs://twan_glamira/dataset_export/valid_product_ids.jsonl
2025-12-18 09:25:03,842 - INFO - Upload successful: dataset_export/valid_product_ids.jsonl
2025-12-18 09:25:03,842 - INFO - All files exported successfully
2025-12-18 11:15:08,296 - INFO - START export_to_gcs
2025-12-18 11:15:08,296 - INFO - Connecting to MongoDB...
2025-12-18 11:15:08,324 - INFO - Connected to MongoDB successfully
2025-12-18 11:15:08,360 - INFO - GCS authentication successful
2025-12-18 11:15:08,361 - INFO - START exporting MongoDB summary collection
2025-12-18 11:15:12,502 - INFO - Exported 100000 documents so far...
2025-12-18 11:15:16,656 - INFO - Exported 200000 documents so far...
2025-12-18 11:15:20,752 - INFO - Exported 300000 documents so far...
2025-12-18 11:15:25,006 - INFO - Exported 400000 documents so far...
2025-12-18 11:15:29,058 - INFO - Exported 500000 documents so far...
2025-12-18 11:15:32,841 - INFO - Exported 600000 documents so far...
2025-12-18 11:15:36,928 - INFO - Exported 700000 documents so far...
2025-12-18 11:15:41,183 - INFO - Exported 800000 documents so far...
2025-12-18 11:15:45,129 - INFO - Exported 900000 documents so far...
2025-12-18 11:15:49,085 - INFO - Exported 1000000 documents so far...
2025-12-18 11:15:49,187 - INFO - Submitted dataset_export/summary/summary_00000.jsonl | docs: 1000000
2025-12-18 11:15:53,094 - INFO - Exported 1100000 documents so far...
2025-12-18 11:15:56,793 - INFO - Exported 1200000 documents so far...
2025-12-18 11:16:00,582 - INFO - Exported 1300000 documents so far...
2025-12-18 11:16:04,301 - INFO - Exported 1400000 documents so far...
2025-12-18 11:16:08,324 - INFO - Exported 1500000 documents so far...
2025-12-18 11:16:12,603 - INFO - Exported 1600000 documents so far...
2025-12-18 11:16:16,864 - INFO - Exported 1700000 documents so far...
2025-12-18 11:16:21,637 - INFO - Exported 1800000 documents so far...
2025-12-18 11:16:25,983 - INFO - Exported 1900000 documents so far...
2025-12-18 11:16:29,991 - INFO - Exported 2000000 documents so far...
2025-12-18 11:16:30,088 - INFO - Submitted dataset_export/summary/summary_00001.jsonl | docs: 2000000
2025-12-18 11:16:34,359 - INFO - Exported 2100000 documents so far...
2025-12-18 11:16:38,566 - INFO - Exported 2200000 documents so far...
2025-12-18 11:16:42,583 - INFO - Exported 2300000 documents so far...
2025-12-18 11:16:46,708 - INFO - Exported 2400000 documents so far...
2025-12-18 11:16:50,820 - INFO - Exported 2500000 documents so far...
2025-12-18 11:16:55,227 - INFO - Exported 2600000 documents so far...
2025-12-18 11:16:59,341 - INFO - Exported 2700000 documents so far...
2025-12-18 11:17:03,639 - INFO - Exported 2800000 documents so far...
2025-12-18 11:17:07,926 - INFO - Exported 2900000 documents so far...
2025-12-18 11:17:12,261 - INFO - Exported 3000000 documents so far...
2025-12-18 11:17:12,366 - INFO - Submitted dataset_export/summary/summary_00002.jsonl | docs: 3000000
2025-12-18 11:17:16,694 - INFO - Exported 3100000 documents so far...
2025-12-18 11:17:20,915 - INFO - Exported 3200000 documents so far...
2025-12-18 11:17:25,058 - INFO - Exported 3300000 documents so far...
2025-12-18 11:17:29,367 - INFO - Exported 3400000 documents so far...
2025-12-18 11:17:33,694 - INFO - Exported 3500000 documents so far...
2025-12-18 11:17:38,035 - INFO - Exported 3600000 documents so far...
2025-12-18 11:17:42,346 - INFO - Exported 3700000 documents so far...
2025-12-18 11:17:46,801 - INFO - Exported 3800000 documents so far...
2025-12-18 11:17:51,132 - INFO - Exported 3900000 documents so far...
2025-12-18 11:17:55,855 - INFO - Exported 4000000 documents so far...
2025-12-18 11:17:55,991 - INFO - Submitted dataset_export/summary/summary_00003.jsonl | docs: 4000000
2025-12-18 11:18:00,101 - INFO - Exported 4100000 documents so far...
2025-12-18 11:18:04,222 - INFO - Exported 4200000 documents so far...
2025-12-18 11:18:08,566 - INFO - Exported 4300000 documents so far...
2025-12-18 11:18:12,557 - INFO - Exported 4400000 documents so far...
2025-12-18 11:18:16,713 - INFO - Exported 4500000 documents so far...
2025-12-18 11:18:20,728 - INFO - Exported 4600000 documents so far...
2025-12-18 11:18:24,735 - INFO - Exported 4700000 documents so far...
2025-12-18 11:18:28,869 - INFO - Exported 4800000 documents so far...
2025-12-18 11:18:33,060 - INFO - Exported 4900000 documents so far...
2025-12-18 11:18:37,173 - INFO - Exported 5000000 documents so far...
2025-12-18 11:18:37,272 - INFO - Submitted dataset_export/summary/summary_00004.jsonl | docs: 5000000
2025-12-18 11:18:41,493 - INFO - Exported 5100000 documents so far...
2025-12-18 11:18:45,596 - INFO - Exported 5200000 documents so far...
2025-12-18 11:18:49,646 - INFO - Exported 5300000 documents so far...
2025-12-18 11:18:53,594 - INFO - Exported 5400000 documents so far...
2025-12-18 11:18:57,502 - INFO - Exported 5500000 documents so far...
2025-12-18 11:19:01,498 - INFO - Exported 5600000 documents so far...
2025-12-18 11:19:05,525 - INFO - Exported 5700000 documents so far...
2025-12-18 11:19:09,509 - INFO - Exported 5800000 documents so far...
2025-12-18 11:19:13,449 - INFO - Exported 5900000 documents so far...
2025-12-18 11:19:17,540 - INFO - Exported 6000000 documents so far...
2025-12-18 11:19:17,609 - INFO - Submitted dataset_export/summary/summary_00005.jsonl | docs: 6000000
2025-12-18 11:19:22,512 - INFO - Exported 6100000 documents so far...
2025-12-18 11:19:27,441 - INFO - Exported 6200000 documents so far...
2025-12-18 11:19:32,538 - INFO - Exported 6300000 documents so far...
2025-12-18 11:19:37,500 - INFO - Exported 6400000 documents so far...
2025-12-18 11:19:42,864 - INFO - Exported 6500000 documents so far...
2025-12-18 11:19:47,849 - INFO - Exported 6600000 documents so far...
2025-12-18 11:19:52,521 - INFO - Exported 6700000 documents so far...
2025-12-18 11:19:57,456 - INFO - Exported 6800000 documents so far...
2025-12-18 11:20:01,861 - INFO - Exported 6900000 documents so far...
2025-12-18 11:20:07,670 - INFO - Exported 7000000 documents so far...
2025-12-18 11:20:07,969 - INFO - Submitted dataset_export/summary/summary_00006.jsonl | docs: 7000000
2025-12-18 11:20:14,340 - INFO - Exported 7100000 documents so far...
2025-12-18 11:20:19,416 - INFO - Exported 7200000 documents so far...
2025-12-18 11:20:24,483 - INFO - Exported 7300000 documents so far...
2025-12-18 11:20:29,593 - INFO - Exported 7400000 documents so far...
2025-12-18 11:20:36,219 - INFO - Exported 7500000 documents so far...
2025-12-18 11:20:41,934 - INFO - Exported 7600000 documents so far...
2025-12-18 11:20:47,543 - INFO - Exported 7700000 documents so far...
2025-12-18 11:20:52,066 - INFO - Exported 7800000 documents so far...
2025-12-18 11:20:56,229 - INFO - Exported 7900000 documents so far...
2025-12-18 11:21:00,588 - INFO - Exported 8000000 documents so far...
2025-12-18 11:21:01,499 - INFO - Submitted dataset_export/summary/summary_00007.jsonl | docs: 8000000
2025-12-18 11:21:06,553 - INFO - Exported 8100000 documents so far...
2025-12-18 11:21:12,498 - INFO - Exported 8200000 documents so far...
2025-12-18 11:21:17,072 - INFO - Exported 8300000 documents so far...
2025-12-18 11:21:21,700 - INFO - Exported 8400000 documents so far...
2025-12-18 11:21:26,259 - INFO - Exported 8500000 documents so far...
2025-12-18 11:21:30,306 - INFO - Exported 8600000 documents so far...
2025-12-18 11:21:34,681 - INFO - Exported 8700000 documents so far...
2025-12-18 11:21:39,260 - INFO - Exported 8800000 documents so far...
2025-12-18 11:21:43,591 - INFO - Exported 8900000 documents so far...
2025-12-18 11:21:47,663 - INFO - Exported 9000000 documents so far...
2025-12-18 11:21:47,744 - INFO - Submitted dataset_export/summary/summary_00008.jsonl | docs: 9000000
2025-12-18 11:21:52,139 - INFO - Exported 9100000 documents so far...
2025-12-18 11:21:56,389 - INFO - Exported 9200000 documents so far...
2025-12-18 11:22:00,725 - INFO - Exported 9300000 documents so far...
2025-12-18 11:22:04,817 - INFO - Exported 9400000 documents so far...
2025-12-18 11:22:08,981 - INFO - Exported 9500000 documents so far...
2025-12-18 11:22:12,830 - INFO - Exported 9600000 documents so far...
2025-12-18 11:22:16,897 - INFO - Exported 9700000 documents so far...
2025-12-18 11:22:21,032 - INFO - Exported 9800000 documents so far...
2025-12-18 11:22:25,174 - INFO - Exported 9900000 documents so far...
2025-12-18 11:22:29,271 - INFO - Exported 10000000 documents so far...
2025-12-18 11:22:29,335 - INFO - Submitted dataset_export/summary/summary_00009.jsonl | docs: 10000000
2025-12-18 11:22:33,332 - INFO - Exported 10100000 documents so far...
2025-12-18 11:22:37,421 - INFO - Exported 10200000 documents so far...
2025-12-18 11:22:41,537 - INFO - Exported 10300000 documents so far...
2025-12-18 11:22:45,807 - INFO - Exported 10400000 documents so far...
2025-12-18 11:22:50,159 - INFO - Exported 10500000 documents so far...
2025-12-18 11:22:54,213 - INFO - Exported 10600000 documents so far...
2025-12-18 11:22:58,249 - INFO - Exported 10700000 documents so far...
2025-12-18 11:23:02,163 - INFO - Exported 10800000 documents so far...
2025-12-18 11:23:06,247 - INFO - Exported 10900000 documents so far...
2025-12-18 11:23:10,756 - INFO - Exported 11000000 documents so far...
2025-12-18 11:23:10,847 - INFO - Submitted dataset_export/summary/summary_00010.jsonl | docs: 11000000
2025-12-18 11:23:14,933 - INFO - Exported 11100000 documents so far...
2025-12-18 11:23:19,150 - INFO - Exported 11200000 documents so far...
2025-12-18 11:23:23,114 - INFO - Exported 11300000 documents so far...
2025-12-18 11:23:27,325 - INFO - Exported 11400000 documents so far...
2025-12-18 11:23:31,453 - INFO - Exported 11500000 documents so far...
2025-12-18 11:23:35,527 - INFO - Exported 11600000 documents so far...
2025-12-18 11:23:39,928 - INFO - Exported 11700000 documents so far...
2025-12-18 11:23:43,884 - INFO - Exported 11800000 documents so far...
2025-12-18 11:23:47,960 - INFO - Exported 11900000 documents so far...
2025-12-18 11:23:52,097 - INFO - Exported 12000000 documents so far...
2025-12-18 11:23:52,193 - INFO - Submitted dataset_export/summary/summary_00011.jsonl | docs: 12000000
2025-12-18 11:23:56,026 - INFO - Exported 12100000 documents so far...
2025-12-18 11:24:00,068 - INFO - Exported 12200000 documents so far...
2025-12-18 11:24:04,113 - INFO - Exported 12300000 documents so far...
2025-12-18 11:24:07,906 - INFO - Exported 12400000 documents so far...
2025-12-18 11:24:11,873 - INFO - Exported 12500000 documents so far...
2025-12-18 11:24:16,153 - INFO - Exported 12600000 documents so far...
2025-12-18 11:24:20,208 - INFO - Exported 12700000 documents so far...
2025-12-18 11:24:24,201 - INFO - Exported 12800000 documents so far...
2025-12-18 11:24:28,260 - INFO - Exported 12900000 documents so far...
2025-12-18 11:24:32,422 - INFO - Exported 13000000 documents so far...
2025-12-18 11:24:32,683 - INFO - Submitted dataset_export/summary/summary_00012.jsonl | docs: 13000000
2025-12-18 11:24:36,696 - INFO - Exported 13100000 documents so far...
2025-12-18 11:24:40,725 - INFO - Exported 13200000 documents so far...
2025-12-18 11:24:44,836 - INFO - Exported 13300000 documents so far...
2025-12-18 11:24:48,843 - INFO - Exported 13400000 documents so far...
2025-12-18 11:24:53,032 - INFO - Exported 13500000 documents so far...
2025-12-18 11:24:57,118 - INFO - Exported 13600000 documents so far...
2025-12-18 11:25:01,058 - INFO - Exported 13700000 documents so far...
2025-12-18 11:25:05,145 - INFO - Exported 13800000 documents so far...
2025-12-18 11:25:09,328 - INFO - Exported 13900000 documents so far...
2025-12-18 11:25:13,489 - INFO - Exported 14000000 documents so far...
2025-12-18 11:25:13,570 - INFO - Submitted dataset_export/summary/summary_00013.jsonl | docs: 14000000
2025-12-18 11:25:17,960 - INFO - Exported 14100000 documents so far...
2025-12-18 11:25:22,383 - INFO - Exported 14200000 documents so far...
2025-12-18 11:25:28,291 - INFO - Exported 14300000 documents so far...
2025-12-18 11:25:32,837 - INFO - Exported 14400000 documents so far...
2025-12-18 11:25:37,234 - INFO - Exported 14500000 documents so far...
2025-12-18 11:25:42,135 - INFO - Exported 14600000 documents so far...
2025-12-18 11:25:47,354 - INFO - Exported 14700000 documents so far...
2025-12-18 11:25:51,858 - INFO - Exported 14800000 documents so far...
2025-12-18 11:25:57,002 - INFO - Exported 14900000 documents so far...
2025-12-18 11:26:01,405 - INFO - Exported 15000000 documents so far...
2025-12-18 11:26:01,507 - INFO - Submitted dataset_export/summary/summary_00014.jsonl | docs: 15000000
2025-12-18 11:26:06,833 - INFO - Exported 15100000 documents so far...
2025-12-18 11:26:11,242 - INFO - Exported 15200000 documents so far...
2025-12-18 11:26:16,419 - INFO - Exported 15300000 documents so far...
2025-12-18 11:26:22,237 - INFO - Exported 15400000 documents so far...
2025-12-18 11:26:27,282 - INFO - Exported 15500000 documents so far...
2025-12-18 11:26:32,125 - INFO - Exported 15600000 documents so far...
2025-12-18 11:26:37,306 - INFO - Exported 15700000 documents so far...
2025-12-18 11:26:42,302 - INFO - Exported 15800000 documents so far...
2025-12-18 11:26:46,791 - INFO - Exported 15900000 documents so far...
2025-12-18 11:26:51,271 - INFO - Exported 16000000 documents so far...
2025-12-18 11:26:51,375 - INFO - Submitted dataset_export/summary/summary_00015.jsonl | docs: 16000000
2025-12-18 11:26:55,607 - INFO - Exported 16100000 documents so far...
2025-12-18 11:27:00,685 - INFO - Exported 16200000 documents so far...
2025-12-18 11:27:05,447 - INFO - Exported 16300000 documents so far...
2025-12-18 11:27:11,049 - INFO - Exported 16400000 documents so far...
2025-12-18 11:27:15,852 - INFO - Exported 16500000 documents so far...
2025-12-18 11:27:20,534 - INFO - Exported 16600000 documents so far...
2025-12-18 11:27:25,287 - INFO - Exported 16700000 documents so far...
2025-12-18 11:27:30,110 - INFO - Exported 16800000 documents so far...
2025-12-18 11:27:34,553 - INFO - Exported 16900000 documents so far...
2025-12-18 11:27:38,972 - INFO - Exported 17000000 documents so far...
2025-12-18 11:27:39,096 - INFO - Submitted dataset_export/summary/summary_00016.jsonl | docs: 17000000
2025-12-18 11:27:43,211 - INFO - Exported 17100000 documents so far...
2025-12-18 11:27:47,528 - INFO - Exported 17200000 documents so far...
2025-12-18 11:27:51,963 - INFO - Exported 17300000 documents so far...
2025-12-18 11:27:56,083 - INFO - Exported 17400000 documents so far...
2025-12-18 11:28:00,551 - INFO - Exported 17500000 documents so far...
2025-12-18 11:28:04,907 - INFO - Exported 17600000 documents so far...
2025-12-18 11:28:09,032 - INFO - Exported 17700000 documents so far...
2025-12-18 11:28:13,150 - INFO - Exported 17800000 documents so far...
2025-12-18 11:28:17,545 - INFO - Exported 17900000 documents so far...
2025-12-18 11:28:21,722 - INFO - Exported 18000000 documents so far...
2025-12-18 11:28:21,806 - INFO - Submitted dataset_export/summary/summary_00017.jsonl | docs: 18000000
2025-12-18 11:28:26,004 - INFO - Exported 18100000 documents so far...
2025-12-18 11:28:30,507 - INFO - Exported 18200000 documents so far...
2025-12-18 11:28:34,540 - INFO - Exported 18300000 documents so far...
2025-12-18 11:28:38,562 - INFO - Exported 18400000 documents so far...
2025-12-18 11:28:42,871 - INFO - Exported 18500000 documents so far...
2025-12-18 11:28:47,037 - INFO - Exported 18600000 documents so far...
2025-12-18 11:28:51,120 - INFO - Exported 18700000 documents so far...
2025-12-18 11:28:55,317 - INFO - Exported 18800000 documents so far...
2025-12-18 11:28:59,632 - INFO - Exported 18900000 documents so far...
2025-12-18 11:29:03,804 - INFO - Exported 19000000 documents so far...
2025-12-18 11:29:03,895 - INFO - Submitted dataset_export/summary/summary_00018.jsonl | docs: 19000000
2025-12-18 11:29:07,916 - INFO - Exported 19100000 documents so far...
2025-12-18 11:29:12,080 - INFO - Exported 19200000 documents so far...
2025-12-18 11:29:16,063 - INFO - Exported 19300000 documents so far...
2025-12-18 11:29:20,150 - INFO - Exported 19400000 documents so far...
2025-12-18 11:29:24,119 - INFO - Exported 19500000 documents so far...
2025-12-18 11:29:28,377 - INFO - Exported 19600000 documents so far...
2025-12-18 11:29:32,469 - INFO - Exported 19700000 documents so far...
2025-12-18 11:29:36,539 - INFO - Exported 19800000 documents so far...
2025-12-18 11:29:40,730 - INFO - Exported 19900000 documents so far...
2025-12-18 11:29:44,684 - INFO - Exported 20000000 documents so far...
2025-12-18 11:29:44,749 - INFO - Submitted dataset_export/summary/summary_00019.jsonl | docs: 20000000
2025-12-18 11:29:48,790 - INFO - Exported 20100000 documents so far...
2025-12-18 11:29:52,893 - INFO - Exported 20200000 documents so far...
2025-12-18 11:29:56,753 - INFO - Exported 20300000 documents so far...
2025-12-18 11:30:00,789 - INFO - Exported 20400000 documents so far...
2025-12-18 11:30:04,876 - INFO - Exported 20500000 documents so far...
2025-12-18 11:30:08,869 - INFO - Exported 20600000 documents so far...
2025-12-18 11:30:13,434 - INFO - Exported 20700000 documents so far...
2025-12-18 11:30:17,604 - INFO - Exported 20800000 documents so far...
2025-12-18 11:30:21,506 - INFO - Exported 20900000 documents so far...
2025-12-18 11:30:25,823 - INFO - Exported 21000000 documents so far...
2025-12-18 11:30:25,921 - INFO - Submitted dataset_export/summary/summary_00020.jsonl | docs: 21000000
2025-12-18 11:30:30,204 - INFO - Exported 21100000 documents so far...
2025-12-18 11:30:34,383 - INFO - Exported 21200000 documents so far...
2025-12-18 11:30:38,332 - INFO - Exported 21300000 documents so far...
2025-12-18 11:30:42,703 - INFO - Exported 21400000 documents so far...
2025-12-18 11:30:46,722 - INFO - Exported 21500000 documents so far...
2025-12-18 11:30:50,748 - INFO - Exported 21600000 documents so far...
2025-12-18 11:30:55,019 - INFO - Exported 21700000 documents so far...
2025-12-18 11:30:59,097 - INFO - Exported 21800000 documents so far...
2025-12-18 11:31:03,302 - INFO - Exported 21900000 documents so far...
2025-12-18 11:31:07,567 - INFO - Exported 22000000 documents so far...
2025-12-18 11:31:07,657 - INFO - Submitted dataset_export/summary/summary_00021.jsonl | docs: 22000000
2025-12-18 11:31:12,071 - INFO - Exported 22100000 documents so far...
2025-12-18 11:31:16,426 - INFO - Exported 22200000 documents so far...
2025-12-18 11:31:20,673 - INFO - Exported 22300000 documents so far...
2025-12-18 11:31:24,866 - INFO - Exported 22400000 documents so far...
2025-12-18 11:31:29,012 - INFO - Exported 22500000 documents so far...
2025-12-18 11:31:33,603 - INFO - Exported 22600000 documents so far...
2025-12-18 11:31:38,221 - INFO - Exported 22700000 documents so far...
2025-12-18 11:31:42,534 - INFO - Exported 22800000 documents so far...
2025-12-18 11:31:48,535 - INFO - Exported 22900000 documents so far...
2025-12-18 11:31:53,087 - INFO - Exported 23000000 documents so far...
2025-12-18 11:31:53,431 - INFO - Submitted dataset_export/summary/summary_00022.jsonl | docs: 23000000
2025-12-18 11:31:58,893 - INFO - Exported 23100000 documents so far...
2025-12-18 11:32:04,164 - INFO - Exported 23200000 documents so far...
2025-12-18 11:32:08,050 - INFO - Exported 23300000 documents so far...
2025-12-18 11:32:13,580 - INFO - Exported 23400000 documents so far...
2025-12-18 11:32:18,084 - INFO - Exported 23500000 documents so far...
2025-12-18 11:32:23,255 - INFO - Exported 23600000 documents so far...
2025-12-18 11:32:28,591 - INFO - Exported 23700000 documents so far...
2025-12-18 11:32:33,677 - INFO - Exported 23800000 documents so far...
2025-12-18 11:32:38,490 - INFO - Exported 23900000 documents so far...
2025-12-18 11:32:44,580 - INFO - Exported 24000000 documents so far...
2025-12-18 11:32:44,682 - INFO - Submitted dataset_export/summary/summary_00023.jsonl | docs: 24000000
2025-12-18 11:32:49,323 - INFO - Exported 24100000 documents so far...
2025-12-18 11:32:54,027 - INFO - Exported 24200000 documents so far...
2025-12-18 11:32:58,635 - INFO - Exported 24300000 documents so far...
2025-12-18 11:33:03,146 - INFO - Exported 24400000 documents so far...
2025-12-18 11:33:08,470 - INFO - Exported 24500000 documents so far...
2025-12-18 11:33:13,678 - INFO - Exported 24600000 documents so far...
2025-12-18 11:33:19,060 - INFO - Exported 24700000 documents so far...
2025-12-18 11:33:23,614 - INFO - Exported 24800000 documents so far...
2025-12-18 11:33:28,030 - INFO - Exported 24900000 documents so far...
2025-12-18 11:33:32,826 - INFO - Exported 25000000 documents so far...
2025-12-18 11:33:32,932 - INFO - Submitted dataset_export/summary/summary_00024.jsonl | docs: 25000000
2025-12-18 11:33:38,101 - INFO - Exported 25100000 documents so far...
2025-12-18 11:33:42,479 - INFO - Exported 25200000 documents so far...
2025-12-18 11:33:47,678 - INFO - Exported 25300000 documents so far...
2025-12-18 11:33:52,078 - INFO - Exported 25400000 documents so far...
2025-12-18 11:33:57,883 - INFO - Exported 25500000 documents so far...
2025-12-18 11:34:03,030 - INFO - Exported 25600000 documents so far...
2025-12-18 11:34:07,474 - INFO - Exported 25700000 documents so far...
2025-12-18 11:34:12,928 - INFO - Exported 25800000 documents so far...
2025-12-18 11:34:17,962 - INFO - Exported 25900000 documents so far...
2025-12-18 11:34:22,833 - INFO - Exported 26000000 documents so far...
2025-12-18 11:34:23,538 - INFO - Submitted dataset_export/summary/summary_00025.jsonl | docs: 26000000
2025-12-18 11:34:28,405 - INFO - Exported 26100000 documents so far...
2025-12-18 11:34:33,143 - INFO - Exported 26200000 documents so far...
2025-12-18 11:34:37,950 - INFO - Exported 26300000 documents so far...
2025-12-18 11:34:42,213 - INFO - Exported 26400000 documents so far...
2025-12-18 11:34:47,504 - INFO - Exported 26500000 documents so far...
2025-12-18 11:34:51,679 - INFO - Exported 26600000 documents so far...
2025-12-18 11:34:56,320 - INFO - Exported 26700000 documents so far...
2025-12-18 11:35:00,759 - INFO - Exported 26800000 documents so far...
2025-12-18 11:35:05,310 - INFO - Exported 26900000 documents so far...
2025-12-18 11:35:09,913 - INFO - Exported 27000000 documents so far...
2025-12-18 11:35:09,988 - INFO - Submitted dataset_export/summary/summary_00026.jsonl | docs: 27000000
2025-12-18 11:35:14,437 - INFO - Exported 27100000 documents so far...
2025-12-18 11:35:19,482 - INFO - Exported 27200000 documents so far...
2025-12-18 11:35:24,016 - INFO - Exported 27300000 documents so far...
2025-12-18 11:35:28,594 - INFO - Exported 27400000 documents so far...
2025-12-18 11:35:33,239 - INFO - Exported 27500000 documents so far...
2025-12-18 11:35:37,967 - INFO - Exported 27600000 documents so far...
2025-12-18 11:35:42,513 - INFO - Exported 27700000 documents so far...
2025-12-18 11:35:47,241 - INFO - Exported 27800000 documents so far...
2025-12-18 11:35:52,111 - INFO - Exported 27900000 documents so far...
2025-12-18 11:35:57,580 - INFO - Exported 28000000 documents so far...
2025-12-18 11:35:57,661 - INFO - Submitted dataset_export/summary/summary_00027.jsonl | docs: 28000000
2025-12-18 11:36:02,490 - INFO - Exported 28100000 documents so far...
2025-12-18 11:36:06,792 - INFO - Exported 28200000 documents so far...
2025-12-18 11:36:11,118 - INFO - Exported 28300000 documents so far...
2025-12-18 11:36:16,742 - INFO - Exported 28400000 documents so far...
2025-12-18 11:36:21,700 - INFO - Exported 28500000 documents so far...
2025-12-18 11:36:26,651 - INFO - Exported 28600000 documents so far...
2025-12-18 11:36:31,621 - INFO - Exported 28700000 documents so far...
2025-12-18 11:36:35,869 - INFO - Exported 28800000 documents so far...
2025-12-18 11:36:41,607 - INFO - Exported 28900000 documents so far...
2025-12-18 11:36:46,367 - INFO - Exported 29000000 documents so far...
2025-12-18 11:36:46,471 - INFO - Submitted dataset_export/summary/summary_00028.jsonl | docs: 29000000
2025-12-18 11:36:50,870 - INFO - Exported 29100000 documents so far...
2025-12-18 11:36:55,488 - INFO - Exported 29200000 documents so far...
2025-12-18 11:37:00,102 - INFO - Exported 29300000 documents so far...
2025-12-18 11:37:05,266 - INFO - Exported 29400000 documents so far...
2025-12-18 11:37:09,971 - INFO - Exported 29500000 documents so far...
2025-12-18 11:37:14,648 - INFO - Exported 29600000 documents so far...
2025-12-18 11:37:18,891 - INFO - Exported 29700000 documents so far...
2025-12-18 11:37:24,379 - INFO - Exported 29800000 documents so far...
2025-12-18 11:37:28,417 - INFO - Exported 29900000 documents so far...
2025-12-18 11:37:33,139 - INFO - Exported 30000000 documents so far...
2025-12-18 11:37:33,328 - INFO - Submitted dataset_export/summary/summary_00029.jsonl | docs: 30000000
2025-12-18 11:37:38,317 - INFO - Exported 30100000 documents so far...
2025-12-18 11:37:42,723 - INFO - Exported 30200000 documents so far...
2025-12-18 11:37:46,939 - INFO - Exported 30300000 documents so far...
2025-12-18 11:37:51,529 - INFO - Exported 30400000 documents so far...
2025-12-18 11:37:56,016 - INFO - Exported 30500000 documents so far...
2025-12-18 11:38:00,404 - INFO - Exported 30600000 documents so far...
2025-12-18 11:38:04,354 - INFO - Exported 30700000 documents so far...
2025-12-18 11:38:08,655 - INFO - Exported 30800000 documents so far...
2025-12-18 11:38:13,259 - INFO - Exported 30900000 documents so far...
2025-12-18 11:38:17,470 - INFO - Exported 31000000 documents so far...
2025-12-18 11:38:17,557 - INFO - Submitted dataset_export/summary/summary_00030.jsonl | docs: 31000000
2025-12-18 11:38:21,743 - INFO - Exported 31100000 documents so far...
2025-12-18 11:38:26,241 - INFO - Exported 31200000 documents so far...
2025-12-18 11:38:30,727 - INFO - Exported 31300000 documents so far...
2025-12-18 11:38:34,900 - INFO - Exported 31400000 documents so far...
2025-12-18 11:38:39,199 - INFO - Exported 31500000 documents so far...
2025-12-18 11:38:43,328 - INFO - Exported 31600000 documents so far...
2025-12-18 11:38:47,537 - INFO - Exported 31700000 documents so far...
2025-12-18 11:38:52,114 - INFO - Exported 31800000 documents so far...
2025-12-18 11:38:56,255 - INFO - Exported 31900000 documents so far...
2025-12-18 11:39:00,575 - INFO - Exported 32000000 documents so far...
2025-12-18 11:39:00,660 - INFO - Submitted dataset_export/summary/summary_00031.jsonl | docs: 32000000
2025-12-18 11:39:04,415 - INFO - Exported 32100000 documents so far...
2025-12-18 11:39:08,461 - INFO - Exported 32200000 documents so far...
2025-12-18 11:39:12,682 - INFO - Exported 32300000 documents so far...
2025-12-18 11:39:16,589 - INFO - Exported 32400000 documents so far...
2025-12-18 11:39:20,726 - INFO - Exported 32500000 documents so far...
2025-12-18 11:39:25,218 - INFO - Exported 32600000 documents so far...
2025-12-18 11:39:29,479 - INFO - Exported 32700000 documents so far...
2025-12-18 11:39:33,567 - INFO - Exported 32800000 documents so far...
2025-12-18 11:39:37,697 - INFO - Exported 32900000 documents so far...
2025-12-18 11:39:41,842 - INFO - Exported 33000000 documents so far...
2025-12-18 11:39:41,924 - INFO - Submitted dataset_export/summary/summary_00032.jsonl | docs: 33000000
2025-12-18 11:39:46,158 - INFO - Exported 33100000 documents so far...
2025-12-18 11:39:50,223 - INFO - Exported 33200000 documents so far...
2025-12-18 11:39:54,477 - INFO - Exported 33300000 documents so far...
2025-12-18 11:39:58,679 - INFO - Exported 33400000 documents so far...
2025-12-18 11:40:02,746 - INFO - Exported 33500000 documents so far...
2025-12-18 11:40:06,896 - INFO - Exported 33600000 documents so far...
2025-12-18 11:40:11,259 - INFO - Exported 33700000 documents so far...
2025-12-18 11:40:15,787 - INFO - Exported 33800000 documents so far...
2025-12-18 11:40:20,021 - INFO - Exported 33900000 documents so far...
2025-12-18 11:40:24,113 - INFO - Exported 34000000 documents so far...
2025-12-18 11:40:24,200 - INFO - Submitted dataset_export/summary/summary_00033.jsonl | docs: 34000000
2025-12-18 11:40:28,309 - INFO - Exported 34100000 documents so far...
2025-12-18 11:40:32,587 - INFO - Exported 34200000 documents so far...
2025-12-18 11:40:36,655 - INFO - Exported 34300000 documents so far...
2025-12-18 11:40:40,497 - INFO - Exported 34400000 documents so far...
2025-12-18 11:40:44,803 - INFO - Exported 34500000 documents so far...
2025-12-18 11:40:48,880 - INFO - Exported 34600000 documents so far...
2025-12-18 11:40:52,947 - INFO - Exported 34700000 documents so far...
2025-12-18 11:40:56,920 - INFO - Exported 34800000 documents so far...
2025-12-18 11:41:01,062 - INFO - Exported 34900000 documents so far...
2025-12-18 11:41:05,174 - INFO - Exported 35000000 documents so far...
2025-12-18 11:41:05,264 - INFO - Submitted dataset_export/summary/summary_00034.jsonl | docs: 35000000
2025-12-18 11:41:09,572 - INFO - Exported 35100000 documents so far...
2025-12-18 11:41:13,818 - INFO - Exported 35200000 documents so far...
2025-12-18 11:41:17,893 - INFO - Exported 35300000 documents so far...
2025-12-18 11:41:21,879 - INFO - Exported 35400000 documents so far...
2025-12-18 11:41:26,006 - INFO - Exported 35500000 documents so far...
2025-12-18 11:41:30,087 - INFO - Exported 35600000 documents so far...
2025-12-18 11:41:34,508 - INFO - Exported 35700000 documents so far...
2025-12-18 11:41:38,523 - INFO - Exported 35800000 documents so far...
2025-12-18 11:41:42,607 - INFO - Exported 35900000 documents so far...
2025-12-18 11:41:47,192 - INFO - Exported 36000000 documents so far...
2025-12-18 11:41:47,288 - INFO - Submitted dataset_export/summary/summary_00035.jsonl | docs: 36000000
2025-12-18 11:41:51,731 - INFO - Exported 36100000 documents so far...
2025-12-18 11:41:56,180 - INFO - Exported 36200000 documents so far...
2025-12-18 11:42:00,689 - INFO - Exported 36300000 documents so far...
2025-12-18 11:42:05,094 - INFO - Exported 36400000 documents so far...
2025-12-18 11:42:09,883 - INFO - Exported 36500000 documents so far...
2025-12-18 11:42:14,867 - INFO - Exported 36600000 documents so far...
2025-12-18 11:42:19,185 - INFO - Exported 36700000 documents so far...
2025-12-18 11:42:24,351 - INFO - Exported 36800000 documents so far...
2025-12-18 11:42:29,474 - INFO - Exported 36900000 documents so far...
2025-12-18 11:42:34,364 - INFO - Exported 37000000 documents so far...
2025-12-18 11:42:34,465 - INFO - Submitted dataset_export/summary/summary_00036.jsonl | docs: 37000000
2025-12-18 11:42:38,929 - INFO - Exported 37100000 documents so far...
2025-12-18 11:42:43,603 - INFO - Exported 37200000 documents so far...
2025-12-18 11:42:47,786 - INFO - Exported 37300000 documents so far...
2025-12-18 11:42:52,904 - INFO - Exported 37400000 documents so far...
2025-12-18 11:42:57,935 - INFO - Exported 37500000 documents so far...
2025-12-18 11:43:02,944 - INFO - Exported 37600000 documents so far...
2025-12-18 11:43:07,246 - INFO - Exported 37700000 documents so far...
2025-12-18 11:43:12,328 - INFO - Exported 37800000 documents so far...
2025-12-18 11:43:16,811 - INFO - Exported 37900000 documents so far...
2025-12-18 11:43:21,460 - INFO - Exported 38000000 documents so far...
2025-12-18 11:43:21,524 - INFO - Submitted dataset_export/summary/summary_00037.jsonl | docs: 38000000
2025-12-18 11:43:26,399 - INFO - Exported 38100000 documents so far...
2025-12-18 11:43:31,275 - INFO - Exported 38200000 documents so far...
2025-12-18 11:43:35,772 - INFO - Exported 38300000 documents so far...
2025-12-18 11:43:40,405 - INFO - Exported 38400000 documents so far...
2025-12-18 11:43:45,247 - INFO - Exported 38500000 documents so far...
2025-12-18 11:43:49,930 - INFO - Exported 38600000 documents so far...
2025-12-18 11:43:54,549 - INFO - Exported 38700000 documents so far...
2025-12-18 11:43:59,302 - INFO - Exported 38800000 documents so far...
2025-12-18 11:44:03,685 - INFO - Exported 38900000 documents so far...
2025-12-18 11:44:08,516 - INFO - Exported 39000000 documents so far...
2025-12-18 11:44:08,687 - INFO - Submitted dataset_export/summary/summary_00038.jsonl | docs: 39000000
2025-12-18 11:44:13,119 - INFO - Exported 39100000 documents so far...
2025-12-18 11:44:17,764 - INFO - Exported 39200000 documents so far...
2025-12-18 11:44:23,352 - INFO - Exported 39300000 documents so far...
2025-12-18 11:44:27,658 - INFO - Exported 39400000 documents so far...
2025-12-18 11:44:32,782 - INFO - Exported 39500000 documents so far...
2025-12-18 11:44:37,373 - INFO - Exported 39600000 documents so far...
2025-12-18 11:44:42,235 - INFO - Exported 39700000 documents so far...
2025-12-18 11:44:46,944 - INFO - Exported 39800000 documents so far...
2025-12-18 11:44:50,970 - INFO - Exported 39900000 documents so far...
2025-12-18 11:44:55,116 - INFO - Exported 40000000 documents so far...
2025-12-18 11:44:55,550 - INFO - Submitted dataset_export/summary/summary_00039.jsonl | docs: 40000000
2025-12-18 11:44:59,659 - INFO - Exported 40100000 documents so far...
2025-12-18 11:45:04,267 - INFO - Exported 40200000 documents so far...
2025-12-18 11:45:09,854 - INFO - Exported 40300000 documents so far...
2025-12-18 11:45:14,665 - INFO - Exported 40400000 documents so far...
2025-12-18 11:45:19,186 - INFO - Exported 40500000 documents so far...
2025-12-18 11:45:23,730 - INFO - Exported 40600000 documents so far...
2025-12-18 11:45:27,986 - INFO - Exported 40700000 documents so far...
2025-12-18 11:45:33,667 - INFO - Exported 40800000 documents so far...
2025-12-18 11:45:38,336 - INFO - Exported 40900000 documents so far...
2025-12-18 11:45:43,871 - INFO - Exported 41000000 documents so far...
2025-12-18 11:45:44,068 - INFO - Submitted dataset_export/summary/summary_00040.jsonl | docs: 41000000
2025-12-18 11:45:48,386 - INFO - Exported 41100000 documents so far...
2025-12-18 11:45:53,368 - INFO - Exported 41200000 documents so far...
2025-12-18 11:45:59,392 - INFO - Exported 41300000 documents so far...
2025-12-18 11:46:04,467 - INFO - Exported 41400000 documents so far...
2025-12-18 11:46:06,137 - INFO - Submitted FINAL dataset_export/summary/summary_00041.jsonl | docs: 41432473
2025-12-18 12:39:30,035 - INFO - MongoDB export complete. Total docs: 41432473
2025-12-24 13:59:23,416 - INFO - START export_to_gcs
2025-12-24 13:59:23,417 - INFO - Connecting to MongoDB...
2025-12-24 13:59:23,435 - INFO - Connected to MongoDB successfully
2025-12-24 13:59:23,435 - INFO - Loading GCS credentials...
2025-12-24 13:59:23,482 - INFO - GCS authentication successful
2025-12-24 13:59:23,482 - INFO - Processing file: D:\python try hard\unigap\project6\data\csv\ip_location_results.csv
2025-12-24 13:59:23,482 - INFO - Converting D:\python try hard\unigap\project6\data\csv\ip_location_results.csv to D:\python try hard\unigap\project6\data\tmp\ip_location_results.jsonl
2025-12-24 13:59:37,207 - INFO - CSV \u2192 JSONL complete. Rows: 3239628
2025-12-24 13:59:37,208 - INFO - Uploading to gs://twan_glamira/dataset_export/ip_location_results.jsonl
2025-12-24 14:00:22,641 - INFO - Upload successful: dataset_export/ip_location_results.jsonl
2025-12-24 14:00:22,641 - INFO - Processing file: D:\python try hard\unigap\project6\data\csv\product_ids_to_crawl.csv
2025-12-24 14:00:22,641 - INFO - Converting D:\python try hard\unigap\project6\data\csv\product_ids_to_crawl.csv to D:\python try hard\unigap\project6\data\tmp\product_ids_to_crawl.jsonl
2025-12-24 14:00:22,732 - INFO - CSV \u2192 JSONL complete. Rows: 19417
2025-12-24 14:00:22,732 - INFO - Uploading to gs://twan_glamira/dataset_export/product_ids_to_crawl.jsonl
2025-12-24 14:00:24,790 - INFO - Upload successful: dataset_export/product_ids_to_crawl.jsonl
2025-12-24 14:00:24,790 - INFO - Processing file: D:\python try hard\unigap\project6\data\csv\product_info.csv
2025-12-24 14:00:24,790 - INFO - Converting D:\python try hard\unigap\project6\data\csv\product_info.csv to D:\python try hard\unigap\project6\data\tmp\product_info.jsonl
2025-12-24 14:00:24,940 - INFO - CSV \u2192 JSONL complete. Rows: 18619
2025-12-24 14:00:24,940 - INFO - Uploading to gs://twan_glamira/dataset_export/product_info.jsonl
2025-12-24 14:00:27,192 - INFO - Upload successful: dataset_export/product_info.jsonl
2025-12-24 14:00:27,192 - INFO - All files exported successfully
